<?xml version="1.0" encoding="UTF-8" ?>
<testsuite tests="7" failures="7" name="org.beko.AdminHandlerTest" time="0.012" errors="0" skipped="0">
  <properties>
    <property name="idea.version" value="2022.2.5"/>
    <property name="java.runtime.name" value="OpenJDK Runtime Environment"/>
    <property name="java.vm.version" value="17.0.6+7-b469.82"/>
    <property name="sun.boot.library.path" value="C:\Program Files\JetBrains\IntelliJ IDEA 2022.2.1\jbr\bin"/>
    <property name="user.country.format" value="KZ"/>
    <property name="maven.multiModuleProjectDirectory" value="C:\Users\BEKZHAN\IdeaProjects\Ylab_HW"/>
    <property name="java.vm.vendor" value="JetBrains s.r.o."/>
    <property name="java.vendor.url" value="https://openjdk.java.net/"/>
    <property name="guice.disable.misplaced.annotation.check" value="true"/>
    <property name="path.separator" value=";"/>
    <property name="java.vm.name" value="OpenJDK 64-Bit Server VM"/>
    <property name="sun.os.patch.level" value=""/>
    <property name="user.script" value=""/>
    <property name="user.country" value="RU"/>
    <property name="sun.java.launcher" value="SUN_STANDARD"/>
    <property name="java.vm.specification.name" value="Java Virtual Machine Specification"/>
    <property name="user.dir" value="C:\Users\BEKZHAN\IdeaProjects\Ylab_HW"/>
    <property name="jbr.virtualization.information" value="No virtualization detected"/>
    <property name="java.vm.compressedOopsMode" value="Zero based"/>
    <property name="java.runtime.version" value="17.0.6+7-b469.82"/>
    <property name="os.arch" value="amd64"/>
    <property name="java.io.tmpdir" value="C:\Users\BEKZHAN\AppData\Local\Temp\"/>
    <property name="line.separator" value="
"/>
    <property name="java.vm.specification.vendor" value="Oracle Corporation"/>
    <property name="user.variant" value=""/>
    <property name="os.name" value="Windows 10"/>
    <property name="maven.ext.class.path" value="C:\Program Files\JetBrains\IntelliJ IDEA 2022.2.1\plugins\maven\lib\maven-event-listener.jar"/>
    <property name="classworlds.conf" value="C:\Program Files\JetBrains\IntelliJ IDEA 2022.2.1\plugins\maven\lib\maven3\bin\m2.conf"/>
    <property name="sun.jnu.encoding" value="Cp1251"/>
    <property name="java.library.path" value="C:\Program Files\JetBrains\IntelliJ IDEA 2022.2.1\jbr\bin;C:\Windows\Sun\Java\bin;C:\Windows\system32;C:\Windows;C:\Program Files\Common Files\Oracle\Java\javapath;C:\Program Files (x86)\Common Files\Oracle\Java\javapath;C:\Windows\system32;C:\Windows;C:\Windows\System32\Wbem;C:\Windows\System32\WindowsPowerShell\v1.0\;C:\Windows\System32\OpenSSH\;C:\Program Files (x86)\NVIDIA Corporation\PhysX\Common;C:\Program Files\Git\cmd;C:\Program Files\PostgreSQL\15\bin;C:\Program Files\Java\LibericaJDK-11\bin;C:\Program Files\JetBrains\IntelliJ IDEA 2022.2.1\plugins\maven\lib\maven3\bin;C:\Users\BEKZHAN\AppData\Local\Microsoft\WindowsApps;;."/>
    <property name="maven.conf" value="C:\Program Files\JetBrains\IntelliJ IDEA 2022.2.1\plugins\maven\lib\maven3/conf"/>
    <property name="jdk.debug" value="release"/>
    <property name="java.class.version" value="61.0"/>
    <property name="java.specification.name" value="Java Platform API Specification"/>
    <property name="sun.management.compiler" value="HotSpot 64-Bit Tiered Compilers"/>
    <property name="os.version" value="10.0"/>
    <property name="user.home" value="C:\Users\BEKZHAN"/>
    <property name="user.timezone" value="Asia/Almaty"/>
    <property name="file.encoding" value="UTF-8"/>
    <property name="java.specification.version" value="17"/>
    <property name="user.name" value="BEKZHAN"/>
    <property name="java.class.path" value="C:\Program Files\JetBrains\IntelliJ IDEA 2022.2.1\plugins\maven\lib\maven3\boot\plexus-classworlds-2.6.0.jar;C:\Program Files\JetBrains\IntelliJ IDEA 2022.2.1\plugins\maven\lib\maven3\boot\plexus-classworlds.license"/>
    <property name="java.vm.specification.version" value="17"/>
    <property name="sun.arch.data.model" value="64"/>
    <property name="sun.java.command" value="org.codehaus.classworlds.Launcher -Didea.version=2022.2.5 package"/>
    <property name="java.home" value="C:\Program Files\JetBrains\IntelliJ IDEA 2022.2.1\jbr"/>
    <property name="user.language" value="ru"/>
    <property name="java.specification.vendor" value="Oracle Corporation"/>
    <property name="java.vm.info" value="mixed mode"/>
    <property name="java.version" value="17.0.6"/>
    <property name="native.encoding" value="Cp1251"/>
    <property name="java.vendor" value="JetBrains s.r.o."/>
    <property name="maven.home" value="C:\Program Files\JetBrains\IntelliJ IDEA 2022.2.1\plugins\maven\lib\maven3"/>
    <property name="file.separator" value="\"/>
    <property name="java.version.date" value="2023-01-17"/>
    <property name="java.vendor.url.bug" value="https://bugreport.java.com/bugreport/"/>
    <property name="sun.io.unicode.encoding" value="UnicodeLittle"/>
    <property name="sun.cpu.endian" value="little"/>
    <property name="java.vendor.version" value="JBR-17.0.6+7-469.82-jcef"/>
    <property name="sun.cpu.isalist" value="amd64"/>
  </properties>
  <testcase classname="org.beko.AdminHandlerTest" name="org.beko.AdminHandlerTest.testAddPlaceConferenceRoom" time="0.004">
    <failure message="Cannot invoke &quot;org.beko.Util.ScannerWrapper.nextLine()&quot; because &quot;this.scanner&quot; is null" type="java.lang.NullPointerException">java.lang.NullPointerException: Cannot invoke &quot;org.beko.Util.ScannerWrapper.nextLine()&quot; because &quot;this.scanner&quot; is null
	at org.beko.AdminHandlerTest.testAddPlaceConferenceRoom(AdminHandlerTest.java:56)
</failure>
  </testcase>
  <testcase classname="org.beko.AdminHandlerTest" name="org.beko.AdminHandlerTest.testAddPlaceWorkspace" time="0">
    <failure message="Cannot invoke &quot;org.beko.Util.ScannerWrapper.nextLine()&quot; because &quot;this.scanner&quot; is null" type="java.lang.NullPointerException">java.lang.NullPointerException: Cannot invoke &quot;org.beko.Util.ScannerWrapper.nextLine()&quot; because &quot;this.scanner&quot; is null
	at org.beko.AdminHandlerTest.testAddPlaceWorkspace(AdminHandlerTest.java:42)
</failure>
  </testcase>
  <testcase classname="org.beko.AdminHandlerTest" name="org.beko.AdminHandlerTest.testHandleAdminActionsLogout" time="0">
    <failure message="Cannot invoke &quot;org.beko.Util.ScannerWrapper.nextLine()&quot; because &quot;this.scanner&quot; is null" type="java.lang.NullPointerException">java.lang.NullPointerException: Cannot invoke &quot;org.beko.Util.ScannerWrapper.nextLine()&quot; because &quot;this.scanner&quot; is null
	at org.beko.AdminHandlerTest.testHandleAdminActionsLogout(AdminHandlerTest.java:97)
</failure>
  </testcase>
  <testcase classname="org.beko.AdminHandlerTest" name="org.beko.AdminHandlerTest.testDeletePlace" time="0">
    <failure message="Cannot invoke &quot;org.beko.Util.ScannerWrapper.nextLine()&quot; because &quot;this.scanner&quot; is null" type="java.lang.NullPointerException">java.lang.NullPointerException: Cannot invoke &quot;org.beko.Util.ScannerWrapper.nextLine()&quot; because &quot;this.scanner&quot; is null
	at org.beko.AdminHandlerTest.testDeletePlace(AdminHandlerTest.java:87)
</failure>
  </testcase>
  <testcase classname="org.beko.AdminHandlerTest" name="org.beko.AdminHandlerTest.testViewPlaces" time="0.007">
    <failure message="Cannot invoke &quot;org.beko.Service.PlaceService.listPlaces()&quot; because &quot;this.placeService&quot; is null" type="java.lang.NullPointerException">java.lang.NullPointerException: Cannot invoke &quot;org.beko.Service.PlaceService.listPlaces()&quot; because &quot;this.placeService&quot; is null
	at org.beko.AdminHandlerTest.testViewPlaces(AdminHandlerTest.java:33)
</failure>
  </testcase>
  <testcase classname="org.beko.AdminHandlerTest" name="org.beko.AdminHandlerTest.testUpdatePlace" time="0">
    <failure message="Cannot invoke &quot;org.beko.Util.ScannerWrapper.nextLine()&quot; because &quot;this.scanner&quot; is null" type="java.lang.NullPointerException">java.lang.NullPointerException: Cannot invoke &quot;org.beko.Util.ScannerWrapper.nextLine()&quot; because &quot;this.scanner&quot; is null
	at org.beko.AdminHandlerTest.testUpdatePlace(AdminHandlerTest.java:70)
</failure>
  </testcase>
  <testcase classname="org.beko.AdminHandlerTest" name="org.beko.AdminHandlerTest.testHandleAdminActionsInvalidOption" time="0.001">
    <failure message="Cannot invoke &quot;org.beko.Util.ScannerWrapper.nextLine()&quot; because &quot;this.scanner&quot; is null" type="java.lang.NullPointerException">java.lang.NullPointerException: Cannot invoke &quot;org.beko.Util.ScannerWrapper.nextLine()&quot; because &quot;this.scanner&quot; is null
	at org.beko.AdminHandlerTest.testHandleAdminActionsInvalidOption(AdminHandlerTest.java:106)
</failure>
  </testcase>
</testsuite>